argc: 3
argv[ 0 ]: core_demo.exe
argv[ 1 ]: /file_read_fgetc
argv[ 2 ]: Sample_wiki.txt
1: T
2: h
3: e
4:  
5: U
6: n
7: i
8: v
9: e
10: r
11: s
12: i
13: t
14: y
15:  
16: o
17: f
18:  
19: A
20: l
21: a
22: b
23: a
24: m
25: a
26:  
27: a
28: t
29:  
30: B
31: i
32: r
33: m
34: i
35: n
36: g
37: h
38: a
39: m
40:  
41: (
42: U
43: A
44: B
45: )
46:  
47: i
48: s
49:  
50: a
51:  
52: p
53: u
54: b
55: l
56: i
57: c
58:  
59: r
60: e
61: s
62: e
63: a
64: r
65: c
66: h
67:  
68: u
69: n
70: i
71: v
72: e
73: r
74: s
75: i
76: t
77: y
78:  
79: i
80: n
81:  
82: B
83: i
84: r
85: m
86: i
87: n
88: g
89: h
90: a
91: m
92:  
93: i
94: n
95:  
96: t
97: h
98: e
99:  
100: U
101: .
102: S
103: .
104:  
105: s
106: t
107: a
108: t
109: e
110:  
111: o
112: f
113:  
114: A
115: l
116: a
117: b
118: a
119: m
120: a
121: .
122:  
123: D
124: e
125: v
126: e
127: l
128: o
129: p
130: e
131: d
132:  
133: f
134: r
135: o
136: m
137:  
138: a
139: n
140:  
141: a
142: c
143: a
144: d
145: e
146: m
147: i
148: c
149:  
150: e
151: x
152: t
153: e
154: n
155: s
156: i
157: o
158: n
159:  
160: c
161: e
162: n
163: t
164: e
165: r
166:  
167: e
168: s
169: t
170: a
171: b
172: l
173: i
174: s
175: h
176: e
177: d
178:  
179: i
180: n
181:  
182: 1
183: 9
184: 3
185: 6
186: ,
187:  
188: t
189: h
190: e
191:  
192: i
193: n
194: s
195: t
196: i
197: t
198: u
199: t
200: i
201: o
202: n
203:  
204: b
205: e
206: c
207: a
208: m
209: e
210:  
211: a
212:  
213: f
214: o
215: u
216: r
217: -
218: y
219: e
220: a
221: r
222:  
223: c
224: a
225: m
226: p
227: u
228: s
229:  
230: i
231: n
232:  
233: 1
234: 9
235: 6
236: 6
237:  
238: a
239: n
240: d
241:  
242: a
243:  
244: f
245: u
246: l
247: l
248: y
249:  
250: a
251: u
252: t
253: o
254: n
255: o
256: m
257: o
258: u
259: s
260:  
261: i
262: n
263: s
264: t
265: i
266: t
267: u
268: t
269: i
270: o
271: n
272:  
273: i
274: n
275:  
276: 1
277: 9
278: 6
279: 9
280: .
281:  
282: T
283: o
284: d
285: a
286: y
287: ,
288:  
289: i
290: t
291:  
292: i
293: s
294:  
295: o
296: n
297: e
298:  
299: o
300: f
301:  
302: t
303: h
304: r
305: e
306: e
307:  
308: i
309: n
310: s
311: t
312: i
313: t
314: u
315: t
316: i
317: o
318: n
319: s
320:  
321: i
322: n
323:  
324: t
325: h
326: e
327:  
328: U
329: n
330: i
331: v
332: e
333: r
334: s
335: i
336: t
337: y
338:  
339: o
340: f
341:  
342: A
343: l
344: a
345: b
346: a
347: m
348: a
349:  
350: S
351: y
352: s
353: t
354: e
355: m
356:  
357: a
358: n
359: d
360:  
361: t
362: h
363: e
364:  
365: o
366: n
367: l
368: y
369:  
370: R
371: 1
372:  
373: r
374: e
375: s
376: e
377: a
378: r
379: c
380: h
381:  
382: i
383: n
384: s
385: t
386: i
387: t
388: u
389: t
390: i
391: o
392: n
393:  
394: i
395: n
396:  
397: t
398: h
399: e
400:  
401: s
402: t
403: a
404: t
405: e
406: .
407:  
408: I
409: n
410:  
411: t
412: h
413: e
414:  
415: f
416: a
417: l
418: l
419:  
420: o
421: f
422:  
423: 2
424: 0
425: 1
426: 5
427: ,
428:  
429: 1
430: 9
431: ,
432: 6
433: 5
434: 6
435:  
436: s
437: t
438: u
439: d
440: e
441: n
442: t
443: s
444:  
445: f
446: r
447: o
448: m
449:  
450: m
451: o
452: r
453: e
454:  
455: t
456: h
457: a
458: n
459:  
460: 1
461: 1
462: 0
463:  
464: c
465: o
466: u
467: n
468: t
469: r
470: i
471: e
472: s
473:  
474: w
475: e
476: r
477: e
478:  
479: e
480: n
481: r
482: o
483: l
484: l
485: e
486: d
487:  
488: a
489: t
490:  
491: U
492: A
493: B
494:  
495: p
496: u
497: r
498: s
499: u
500: i
501: n
502: g
503:  
504: s
505: t
506: u
507: d
508: i
509: e
510: s
511:  
512: i
513: n
514:  
515: 1
516: 4
517: 0
518:  
519: p
520: r
521: o
522: g
523: r
524: a
525: m
526: s
527:  
528: o
529: f
530:  
531: s
532: t
533: u
534: d
535: y
536:  
537: i
538: n
539:  
540: 1
541: 2
542:  
543: a
544: c
545: a
546: d
547: e
548: m
549: i
550: c
551:  
552: d
553: i
554: v
555: i
556: s
557: i
558: o
559: n
560: s
561:  
562: l
563: e
564: a
565: d
566: i
567: n
568: g
569:  
570: t
571: o
572:  
573: b
574: a
575: c
576: h
577: e
578: l
579: o
580: r
581: '
582: s
583: ,
584:  
585: m
586: a
587: s
588: t
589: e
590: r
591: '
592: s
593: ,
594:  
595: d
596: o
597: c
598: t
599: o
600: r
601: a
602: l
603: ,
604:  
605: a
606: n
607: d
608:  
609: p
610: r
611: o
612: f
613: e
614: s
615: s
616: i
617: o
618: n
619: a
620: l
621:  
622: d
623: e
624: g
625: r
626: e
627: e
628: s
629:  
630: i
631: n
632:  
633: t
634: h
635: e
636:  
637: s
638: o
639: c
640: i
641: a
642: l
643:  
644: a
645: n
646: d
647:  
648: b
649: e
650: h
651: a
652: v
653: i
654: o
655: r
656: a
657: l
658:  
659: s
660: c
661: i
662: e
663: n
664: c
665: e
666: s
667: ,
668:  
669: t
670: h
671: e
672:  
673: l
674: i
675: b
676: e
677: r
678: a
679: l
680:  
681: a
682: r
683: t
684: s
685: ,
686:  
687: b
688: u
689: s
690: i
691: n
692: e
693: s
694: s
695: ,
696:  
697: e
698: d
699: u
700: c
701: a
702: t
703: i
704: o
705: n
706: ,
707:  
708: e
709: n
710: g
711: i
712: n
713: e
714: e
715: r
716: i
717: n
718: g
719: ,
720:  
721: a
722: n
723: d
724:  
725: h
726: e
727: a
728: l
729: t
730: h
731: -
732: r
733: e
734: l
735: a
736: t
737: e
738: d
739:  
740: f
741: i
742: e
743: l
744: d
745: s
746:  
747: s
748: u
749: c
750: h
751:  
752: a
753: s
754:  
755: m
756: e
757: d
758: i
759: c
760: i
761: n
762: e
763: ,
764:  
765: d
766: e
767: n
768: t
769: i
770: s
771: t
772: r
773: y
774: ,
775:  
776: o
777: p
778: t
779: o
780: m
781: e
782: t
783: r
784: y
785: ,
786:  
787: n
788: u
789: r
790: s
791: i
792: n
793: g
794: ,
795:  
796: a
797: n
798: d
799:  
800: p
801: u
802: b
803: l
804: i
805: c
806:  
807: h
808: e
809: a
810: l
811: t
812: h
813: .
814: [
815: 3
816: ]
817: 

818: 

819: T
820: h
821: e
822:  
823: U
824: A
825: B
826:  
827: H
828: e
829: a
830: l
831: t
832: h
833:  
834: S
835: y
836: s
837: t
838: e
839: m
840: ,
841:  
842: o
843: n
844: e
845:  
846: o
847: f
848:  
849: t
850: h
851: e
852:  
853: l
854: a
855: r
856: g
857: e
858: s
859: t
860:  
861: a
862: c
863: a
864: d
865: e
866: m
867: i
868: c
869:  
870: m
871: e
872: d
873: i
874: c
875: a
876: l
877:  
878: c
879: e
880: n
881: t
882: e
883: r
884: s
885:  
886: i
887: n
888:  
889: t
890: h
891: e
892:  
893: U
894: n
895: i
896: t
897: e
898: d
899:  
900: S
901: t
902: a
903: t
904: e
905: s
906: ,
907:  
908: i
909: s
910:  
911: a
912: f
913: f
914: i
915: l
916: i
917: a
918: t
919: e
920: d
921:  
922: w
923: i
924: t
925: h
926:  
927: t
928: h
929: e
930:  
931: u
932: n
933: i
934: v
935: e
936: r
937: s
938: i
939: t
940: y
941: .
942:  
943: U
944: A
945: B
946:  
947: H
948: o
949: s
950: p
951: i
952: t
953: a
954: l
955:  
956: s
957: p
958: o
959: n
960: s
961: o
962: r
963: s
964:  
965: r
966: e
967: s
968: i
969: d
970: e
971: n
972: c
973: y
974:  
975: p
976: r
977: o
978: g
979: r
980: a
981: m
982: s
983:  
984: i
985: n
986:  
987: m
988: e
989: d
990: i
991: c
992: a
993: l
994:  
995: s
996: p
997: e
998: c
999: i
The University of Alabama at Birmingham (UAB) is a public research university in Birmingham in the U.S. state of Alabama. Developed from an academic extension center established in 1936, the institution became a four-year campus in 1966 and a fully autonomous institution in 1969. Today, it is one of three institutions in the University of Alabama System and the only R1 research institution in the state. In the fall of 2015, 19,656 students from more than 110 countries were enrolled at UAB pursuing studies in 140 programs of study in 12 academic divisions leading to bachelor's, master's, doctoral, and professional degrees in the social and behavioral sciences, the liberal arts, business, education, engineering, and health-related fields such as medicine, dentistry, optometry, nursing, and public health.[3]

The UAB Health System, one of the largest academic medical centers in the United States, is affiliated with the university. UAB Hospital sponsors residency programs in medical speci
